\BOOKMARK [1][-]{section.1}{\376\377\000I\000n\000t\000r\000o\000d\000u\000c\000t\000i\000o\000n}{}% 1
\BOOKMARK [1][-]{section.2}{\376\377\000W\000e\000e\000k\000\040\000b\000y\000\040\000W\000e\000e\000k}{}% 2
\BOOKMARK [2][-]{subsection.2.1}{\376\377\000W\000e\000e\000k\000\040\0001}{section.2}% 3
\BOOKMARK [3][-]{subsubsection.2.1.1}{\376\377\000N\000o\000t\000e\000s}{subsection.2.1}% 4
\BOOKMARK [3][-]{subsubsection.2.1.2}{\376\377\000H\000o\000m\000e\000w\000o\000r\000k}{subsection.2.1}% 5
\BOOKMARK [3][-]{subsubsection.2.1.3}{\376\377\000C\000o\000m\000m\000e\000n\000t\000s\000\040\000a\000n\000d\000\040\000Q\000u\000e\000s\000t\000i\000o\000n\000s}{subsection.2.1}% 6
\BOOKMARK [2][-]{subsection.2.2}{\376\377\000W\000e\000e\000k\000\040\0002}{section.2}% 7
\BOOKMARK [3][-]{subsubsection.2.2.1}{\376\377\000N\000o\000t\000e\000s}{subsection.2.2}% 8
\BOOKMARK [3][-]{subsubsection.2.2.2}{\376\377\000H\000o\000m\000e\000w\000o\000r\000k}{subsection.2.2}% 9
\BOOKMARK [3][-]{subsubsection.2.2.3}{\376\377\000C\000o\000m\000m\000e\000n\000t\000s\000\040\000a\000n\000d\000\040\000Q\000u\000e\000s\000t\000i\000o\000n\000s}{subsection.2.2}% 10
\BOOKMARK [2][-]{subsection.2.3}{\376\377\000W\000e\000e\000k\000\040\0003}{section.2}% 11
\BOOKMARK [3][-]{subsubsection.2.3.1}{\376\377\000H\000o\000m\000e\000w\000o\000r\000k}{subsection.2.3}% 12
\BOOKMARK [2][-]{subsection.2.4}{\376\377\000W\000e\000e\000k\000\040\0004}{section.2}% 13
\BOOKMARK [3][-]{subsubsection.2.4.1}{\376\377\000H\000o\000m\000e\000w\000o\000r\000k}{subsection.2.4}% 14
\BOOKMARK [3][-]{subsubsection.2.4.2}{\376\377\000C\000o\000m\000m\000e\000n\000t\000s\000\040\000a\000n\000d\000\040\000Q\000u\000e\000s\000t\000i\000o\000n\000s}{subsection.2.4}% 15
\BOOKMARK [2][-]{subsection.2.5}{\376\377\000W\000e\000e\000k\000\040\0005}{section.2}% 16
\BOOKMARK [3][-]{subsubsection.2.5.1}{\376\377\000N\000o\000t\000e\000s}{subsection.2.5}% 17
\BOOKMARK [3][-]{subsubsection.2.5.2}{\376\377\000H\000o\000m\000e\000w\000o\000r\000k}{subsection.2.5}% 18
\BOOKMARK [3][-]{subsubsection.2.5.3}{\376\377\000C\000o\000m\000m\000e\000n\000t\000s\000\040\000a\000n\000d\000\040\000Q\000u\000e\000s\000i\000t\000o\000n\000s}{subsection.2.5}% 19
\BOOKMARK [2][-]{subsection.2.6}{\376\377\000W\000e\000e\000k\000\040\0006}{section.2}% 20
\BOOKMARK [3][-]{subsubsection.2.6.1}{\376\377\000N\000o\000t\000e\000s}{subsection.2.6}% 21
\BOOKMARK [3][-]{subsubsection.2.6.2}{\376\377\000H\000o\000m\000e\000w\000o\000r\000k}{subsection.2.6}% 22
\BOOKMARK [3][-]{subsubsection.2.6.3}{\376\377\000C\000o\000m\000m\000e\000n\000t\000s\000\040\000a\000n\000d\000\040\000Q\000u\000e\000s\000t\000i\000o\000n\000s}{subsection.2.6}% 23
\BOOKMARK [2][-]{subsection.2.7}{\376\377\000W\000e\000e\000k\000\040\0007}{section.2}% 24
\BOOKMARK [3][-]{subsubsection.2.7.1}{\376\377\000N\000o\000t\000e\000s}{subsection.2.7}% 25
\BOOKMARK [3][-]{subsubsection.2.7.2}{\376\377\000H\000o\000m\000e\000w\000o\000r\000k}{subsection.2.7}% 26
\BOOKMARK [3][-]{subsubsection.2.7.3}{\376\377\000C\000o\000m\000m\000e\000n\000t\000s\000\040\000a\000n\000d\000\040\000Q\000u\000e\000s\000t\000i\000o\000n\000s}{subsection.2.7}% 27
\BOOKMARK [2][-]{subsection.2.8}{\376\377\000W\000e\000e\000k\000s\000\040\0008\000-\0009}{section.2}% 28
\BOOKMARK [3][-]{subsubsection.2.8.1}{\376\377\000N\000o\000t\000e\000s}{subsection.2.8}% 29
\BOOKMARK [3][-]{subsubsection.2.8.2}{\376\377\000H\000o\000m\000e\000w\000o\000r\000k}{subsection.2.8}% 30
\BOOKMARK [3][-]{subsubsection.2.8.3}{\376\377\000C\000o\000m\000m\000e\000n\000t\000s\000\040\000a\000n\000d\000\040\000Q\000u\000e\000s\000t\000i\000o\000n\000s}{subsection.2.8}% 31
\BOOKMARK [2][-]{subsection.2.9}{\376\377\000W\000e\000e\000k\000\040\0001\0000}{section.2}% 32
\BOOKMARK [3][-]{subsubsection.2.9.1}{\376\377\000N\000o\000t\000e\000s}{subsection.2.9}% 33
\BOOKMARK [3][-]{subsubsection.2.9.2}{\376\377\000H\000o\000m\000e\000w\000o\000r\000k}{subsection.2.9}% 34
\BOOKMARK [3][-]{subsubsection.2.9.3}{\376\377\000C\000o\000m\000m\000e\000n\000t\000s\000\040\000a\000n\000d\000\040\000Q\000u\000e\000s\000t\000i\000o\000n\000s}{subsection.2.9}% 35
\BOOKMARK [2][-]{subsection.2.10}{\376\377\000W\000e\000e\000k\000\040\0001\0001}{section.2}% 36
\BOOKMARK [3][-]{subsubsection.2.10.1}{\376\377\000N\000o\000t\000e\000s}{subsection.2.10}% 37
\BOOKMARK [3][-]{subsubsection.2.10.2}{\376\377\000H\000o\000m\000e\000w\000o\000r\000k}{subsection.2.10}% 38
\BOOKMARK [3][-]{subsubsection.2.10.3}{\376\377\000C\000o\000m\000m\000e\000n\000t\000s\000\040\000a\000n\000d\000\040\000Q\000u\000e\000s\000t\000i\000o\000n\000s}{subsection.2.10}% 39
\BOOKMARK [2][-]{subsection.2.11}{\376\377\000W\000e\000e\000k\000\040\0001\0002}{section.2}% 40
\BOOKMARK [3][-]{subsubsection.2.11.1}{\376\377\000H\000o\000m\000e\000w\000o\000r\000k}{subsection.2.11}% 41
\BOOKMARK [3][-]{subsubsection.2.11.2}{\376\377\000C\000o\000m\000m\000e\000n\000t\000s\000\040\000a\000n\000d\000\040\000Q\000u\000e\000s\000t\000i\000o\000n\000s}{subsection.2.11}% 42
\BOOKMARK [2][-]{subsection.2.12}{\376\377\000W\000e\000e\000k\000\040\0001\0003}{section.2}% 43
\BOOKMARK [3][-]{subsubsection.2.12.1}{\376\377\000N\000o\000t\000e\000s}{subsection.2.12}% 44
\BOOKMARK [3][-]{subsubsection.2.12.2}{\376\377\000H\000o\000m\000e\000w\000o\000r\000k}{subsection.2.12}% 45
\BOOKMARK [3][-]{subsubsection.2.12.3}{\376\377\000C\000o\000m\000m\000e\000n\000t\000s\000\040\000a\000n\000d\000\040\000Q\000u\000e\000s\000t\000i\000o\000n\000s}{subsection.2.12}% 46
\BOOKMARK [1][-]{section.3}{\376\377\000L\000e\000s\000s\000o\000n\000s\000\040\000f\000r\000o\000m\000\040\000t\000h\000e\000\040\000A\000s\000s\000i\000g\000n\000m\000e\000n\000t\000s}{}% 47
\BOOKMARK [2][-]{subsection.3.1}{\376\377\000I\000n\000t\000r\000o\000d\000u\000c\000t\000i\000o\000n}{section.3}% 48
\BOOKMARK [2][-]{subsection.3.2}{\376\377\000P\000a\000r\000s\000i\000n\000g\000\040\000I\000n\000p\000u\000t}{section.3}% 49
\BOOKMARK [2][-]{subsection.3.3}{\376\377\000L\000a\000r\000k\000\040\000G\000r\000a\000m\000m\000a\000r}{section.3}% 50
\BOOKMARK [2][-]{subsection.3.4}{\376\377\000C\000o\000m\000b\000i\000n\000a\000t\000o\000r}{section.3}% 51
\BOOKMARK [2][-]{subsection.3.5}{\376\377\000O\000p\000e\000r\000a\000t\000o\000r\000\040\000B\000i\000n\000d\000i\000n\000g}{section.3}% 52
\BOOKMARK [2][-]{subsection.3.6}{\376\377\000B\000e\000t\000a\000\040\000R\000e\000d\000u\000c\000t\000i\000o\000n}{section.3}% 53
\BOOKMARK [2][-]{subsection.3.7}{\376\377\000N\000o\000r\000m\000a\000l\000\040\000F\000o\000r\000m\000s}{section.3}% 54
\BOOKMARK [2][-]{subsection.3.8}{\376\377\000S\000t\000r\000i\000n\000g\000\040\000R\000e\000d\000u\000c\000t\000i\000o\000n}{section.3}% 55
\BOOKMARK [1][-]{section.4}{\376\377\000C\000o\000n\000c\000l\000u\000s\000i\000o\000n}{}% 56
